#
# A fatal error has been detected by the Java Runtime Environment:
#
#  EXCEPTION_ACCESS_VIOLATION (0xc0000005) at pc=0x0000000068023159, pid=1972, tid=0x0000000000001658
#
# JRE version: OpenJDK Runtime Environment (8.0_152-b01) (build 1.8.0_152-release-915-b01)
# Java VM: OpenJDK 64-Bit Server VM (25.152-b01 mixed mode windows-amd64 compressed oops)
# Problematic frame:
# V  [jvm.dll+0x53159]
#
# Failed to write core dump. Minidumps are not enabled by default on client versions of Windows
#
# If you would like to submit a bug report, please visit:
#   http://bugreport.java.com/bugreport/crash.jsp
#

---------------  T H R E A D  ---------------

Current thread (0x000000005cad0800):  JavaThread "Daemon worker Thread 34" [_thread_in_vm, id=5720, stack(0x000000005bca0000,0x000000005bda0000)]

siginfo: ExceptionCode=0xc0000005, reading address 0x0000005159b5dfe8

Registers:
RAX=0x0000000056290080, RBX=0x0000005159b5dfe8, RCX=0x000000000221c7b0, RDX=0x0000000000003d14
RSP=0x000000005bd99f80, RBP=0x0000000000000031, RSI=0x00000000d26ae33c, RDI=0x0000000000000002
R8 =0x000000005a374030, R9 =0x0000000000000031, R10=0x0000000000000031, R11=0x0000000000000031
R12=0x000000005a374030, R13=0x000000000221c7b0, R14=0x0000000000003d14, R15=0x0000000000000000
RIP=0x0000000068023159, EFLAGS=0x0000000000010202

Top of Stack: (sp=0x000000005bd99f80)
0x000000005bd99f80:   0000000059b5dfd0 0000000000000036
0x000000005bd99f90:   0000000081dd330c 000000005a374030
0x000000005bd99fa0:   000000005cad0800 000000005a374030
0x000000005bd99fb0:   0000000000000000 00000000680233b1
0x000000005bd99fc0:   000000005fd02ca0 0000000000000031
0x000000005bd99fd0:   00000000d26ae33c 000000006809719b
0x000000005bd99fe0:   00000000d26ae33c 0000000068025c13
0x000000005bd99ff0:   00000000021cbf00 000000005fd02ea0
0x000000005bd9a000:   000000005bd9a090 00000000680e5996
0x000000005bd9a010:   000000005bd9a130 00000000000003d8
0x000000005bd9a020:   000000005cad0800 000000005a373ec0
0x000000005bd9a030:   000000005a374030 0000000068023508
0x000000005bd9a040:   0000000000000000 000000005fd02ca0
0x000000005bd9a050:   000000005a3742a8 00000000021cbf00
0x000000005bd9a060:   000000005bd9a130 000000006801ad50
0x000000005bd9a070:   0000000000000033 000000005bd9a168 

Instructions: (pc=0x0000000068023159)
0x0000000068023139:   8b 41 08 48 63 d2 33 ff 48 8b 1c d0 41 8b e9 4d
0x0000000068023149:   8b e0 4c 8b e9 48 85 db 74 44 8b 74 24 60 ff c7
0x0000000068023159:   39 33 75 13 48 8b 4b 10 44 8b c5 49 8b d4 e8 f4
0x0000000068023169:   52 ff ff 84 c0 75 42 48 8b 5b 08 48 83 e3 fe 75 


Register to memory mapping:

RAX=0x0000000056290080 is an unknown value
RBX=0x0000005159b5dfe8 is an unknown value
RCX=0x000000000221c7b0 is an unknown value
RDX=0x0000000000003d14 is an unknown value
RSP=0x000000005bd99f80 is pointing into the stack for thread: 0x000000005cad0800
RBP=0x0000000000000031 is an unknown value
RSI=0x00000000d26ae33c is an unallocated location in the heap
RDI=0x0000000000000002 is an unknown value
R8 =0x000000005a374030 is an unknown value
R9 =0x0000000000000031 is an unknown value
R10=0x0000000000000031 is an unknown value
R11=0x0000000000000031 is an unknown value
R12=0x000000005a374030 is an unknown value
R13=0x000000000221c7b0 is an unknown value
R14=0x0000000000003d14 is an unknown value
R15=0x0000000000000000 is an unknown value


Stack: [0x000000005bca0000,0x000000005bda0000],  sp=0x000000005bd99f80,  free space=999k
Native frames: (J=compiled Java code, j=interpreted, Vv=VM code, C=native code)
V  [jvm.dll+0x53159]
V  [jvm.dll+0x533b1]
V  [jvm.dll+0x53508]
V  [jvm.dll+0xd0179]
V  [jvm.dll+0x4af19]
V  [jvm.dll+0xe9245]
V  [jvm.dll+0xeae29]
V  [jvm.dll+0x4bffb]
V  [jvm.dll+0x4c1e1]
V  [jvm.dll+0x39fe7]
V  [jvm.dll+0x57bd4]
V  [jvm.dll+0x16c311]
V  [jvm.dll+0x16c6ab]
C  [java.dll+0x1ead]
C  0x0000000002b2d465

Java frames: (J=compiled Java code, j=interpreted, Vv=VM code)
J 656  java.lang.ClassLoader.defineClass1(Ljava/lang/String;[BIILjava/security/ProtectionDomain;Ljava/lang/String;)Ljava/lang/Class; (0 bytes) @ 0x0000000002b2d3df [0x0000000002b2d340+0x9f]
J 29546 C2 java.security.SecureClassLoader.defineClass(Ljava/lang/String;[BIILjava/security/CodeSource;)Ljava/lang/Class; (16 bytes) @ 0x000000000785df00 [0x000000000785ce20+0x10e0]
J 22296 C2 java.net.URLClassLoader$1.run()Ljava/lang/Class; (63 bytes) @ 0x0000000006726638 [0x0000000006725e00+0x838]
J 8384 C2 java.net.URLClassLoader$1.run()Ljava/lang/Object; (5 bytes) @ 0x000000000310fcc4 [0x000000000310fca0+0x24]
v  ~StubRoutines::call_stub
J 209  java.security.AccessController.doPrivileged(Ljava/security/PrivilegedExceptionAction;Ljava/security/AccessControlContext;)Ljava/lang/Object; (0 bytes) @ 0x00000000029e1ae6 [0x00000000029e1a80+0x66]
J 1260 C2 java.net.URLClassLoader.findClass(Ljava/lang/String;)Ljava/lang/Class; (47 bytes) @ 0x0000000002cc76dc [0x0000000002cc7660+0x7c]
J 1490 C2 java.lang.ClassLoader.loadClass(Ljava/lang/String;Z)Ljava/lang/Class; (122 bytes) @ 0x0000000002daabc4 [0x0000000002daa7c0+0x404]
J 2215 C2 java.lang.ClassLoader.loadClass(Ljava/lang/String;)Ljava/lang/Class; (7 bytes) @ 0x0000000003123730 [0x0000000003123700+0x30]
v  ~StubRoutines::call_stub
J 1217  java.lang.Class.forName0(Ljava/lang/String;ZLjava/lang/ClassLoader;Ljava/lang/Class;)Ljava/lang/Class; (0 bytes) @ 0x0000000002c95b07 [0x0000000002c95a80+0x87]
J 5873 C2 java.lang.Class.forName(Ljava/lang/String;ZLjava/lang/ClassLoader;)Ljava/lang/Class; (53 bytes) @ 0x0000000003a7c388 [0x0000000003a7c360+0x28]
J 35375 C1 org.gradle.tooling.internal.provider.serialization.DefaultPayloadClassLoaderRegistry$2.resolveClass(Lorg/gradle/tooling/internal/provider/serialization/ClassLoaderDetails;Ljava/lang/String;)Ljava/lang/Class; (16 bytes) @ 0x000000000382f474 [0x000000000382f380+0xf4]
j  org.gradle.tooling.internal.provider.serialization.WellKnownClassLoaderRegistry$2.resolveClass(Lorg/gradle/tooling/internal/provider/serialization/ClassLoaderDetails;Ljava/lang/String;)Ljava/lang/Class;+65
J 34311 C1 org.gradle.tooling.internal.provider.serialization.PayloadSerializerObjectInputStream.readClass()Ljava/lang/Class; (49 bytes) @ 0x00000000030be224 [0x00000000030bdae0+0x744]
J 34310 C1 org.gradle.tooling.internal.provider.serialization.PayloadSerializerObjectInputStream.readClassDescriptor()Ljava/io/ObjectStreamClass; (28 bytes) @ 0x0000000008602fbc [0x0000000008602f40+0x7c]
J 16379 C1 java.io.ObjectInputStream.readNonProxyDesc(Z)Ljava/io/ObjectStreamClass; (193 bytes) @ 0x0000000005517084 [0x0000000005516d00+0x384]
J 11500 C1 java.io.ObjectInputStream.readClassDesc(Z)Ljava/io/ObjectStreamClass; (128 bytes) @ 0x000000000495284c [0x0000000004951d40+0xb0c]
j  java.io.ObjectInputStream.readClass(Z)Ljava/lang/Class;+22
J 29300 C2 java.io.ObjectInputStream.readObject0(Z)Ljava/lang/Object; (566 bytes) @ 0x00000000077db1c4 [0x00000000077da240+0xf84]
J 30717 C2 java.io.ObjectInputStream.readObject()Ljava/lang/Object; (130 bytes) @ 0x00000000060a0e00 [0x00000000060a0dc0+0x40]
j  java.util.HashSet.readObject(Ljava/io/ObjectInputStream;)V+186
v  ~StubRoutines::call_stub
J 1479  sun.reflect.NativeMethodAccessorImpl.invoke0(Ljava/lang/reflect/Method;Ljava/lang/Object;[Ljava/lang/Object;)Ljava/lang/Object; (0 bytes) @ 0x0000000002d9467f [0x0000000002d94600+0x7f]
J 9835 C2 sun.reflect.NativeMethodAccessorImpl.invoke(Ljava/lang/Object;[Ljava/lang/Object;)Ljava/lang/Object; (104 bytes) @ 0x000000000432dc00 [0x000000000432dba0+0x60]
J 6733 C2 java.lang.reflect.Method.invoke(Ljava/lang/Object;[Ljava/lang/Object;)Ljava/lang/Object; (62 bytes) @ 0x0000000003d59434 [0x0000000003d593c0+0x74]
J 30123 C1 java.io.ObjectStreamClass.invokeReadObject(Ljava/lang/Object;Ljava/io/ObjectInputStream;)V (93 bytes) @ 0x0000000004e88aec [0x0000000004e887a0+0x34c]
J 27274 C1 java.io.ObjectInputStream.readSerialData(Ljava/lang/Object;Ljava/io/ObjectStreamClass;)V (367 bytes) @ 0x00000000052d575c [0x00000000052d4ec0+0x89c]
J 29300 C2 java.io.ObjectInputStream.readObject0(Z)Ljava/lang/Object; (566 bytes) @ 0x00000000077dbb34 [0x00000000077da240+0x18f4]
J 15795 C1 java.io.ObjectInputStream.defaultReadFields(Ljava/lang/Object;Ljava/io/ObjectStreamClass;)V (199 bytes) @ 0x0000000002fd2214 [0x0000000002fd1be0+0x634]
J 27274 C1 java.io.ObjectInputStream.readSerialData(Ljava/lang/Object;Ljava/io/ObjectStreamClass;)V (367 bytes) @ 0x00000000052d5ab4 [0x00000000052d4ec0+0xbf4]
J 29300 C2 java.io.ObjectInputStream.readObject0(Z)Ljava/lang/Object; (566 bytes) @ 0x00000000077dbb34 [0x00000000077da240+0x18f4]
J 15795 C1 java.io.ObjectInputStream.defaultReadFields(Ljava/lang/Object;Ljava/io/ObjectStreamClass;)V (199 bytes) @ 0x0000000002fd2214 [0x0000000002fd1be0+0x634]
J 27274 C1 java.io.ObjectInputStream.readSerialData(Ljava/lang/Object;Ljava/io/ObjectStreamClass;)V (367 bytes) @ 0x00000000052d5ab4 [0x00000000052d4ec0+0xbf4]
J 29300 C2 java.io.ObjectInputStream.readObject0(Z)Ljava/lang/Object; (566 bytes) @ 0x00000000077dbb34 [0x00000000077da240+0x18f4]
J 30717 C2 java.io.ObjectInputStream.readObject()Ljava/lang/Object; (130 bytes) @ 0x00000000060a0e00 [0x00000000060a0dc0+0x40]
j  org.gradle.tooling.internal.provider.serialization.PayloadSerializer.deserialize(Lorg/gradle/tooling/internal/provider/serialization/SerializedPayload;)Ljava/lang/Object;+52
j  org.gradle.tooling.internal.provider.runner.ClientProvidedBuildActionRunner.run(Lorg/gradle/internal/invocation/BuildAction;Lorg/gradle/internal/invocation/BuildController;)V+45
j  org.gradle.launcher.exec.ChainingBuildActionRunner.run(Lorg/gradle/internal/invocation/BuildAction;Lorg/gradle/internal/invocation/BuildController;)V+34
j  org.gradle.launcher.exec.ChainingBuildActionRunner.run(Lorg/gradle/internal/invocation/BuildAction;Lorg/gradle/internal/invocation/BuildController;)V+34
j  org.gradle.tooling.internal.provider.ValidatingBuildActionRunner.run(Lorg/gradle/internal/invocation/BuildAction;Lorg/gradle/internal/invocation/BuildController;)V+6
j  org.gradle.launcher.exec.RunAsBuildOperationBuildActionRunner$1.run(Lorg/gradle/internal/operations/BuildOperationContext;)V+15
J 29443 C2 org.gradle.internal.progress.DefaultBuildOperationExecutor.execute(Lorg/gradle/internal/operations/BuildOperation;Lorg/gradle/internal/operations/BuildOperationWorker;Lorg/gradle/internal/progress/DefaultBuildOperationExecutor$DefaultBuildOperationState;)V (430 bytes) @ 0x0000000007823f30 [0x0000000007823680+0x8b0]
J 34410 C2 org.gradle.internal.progress.DefaultBuildOperationExecutor.run(Lorg/gradle/internal/operations/RunnableBuildOperation;)V (38 bytes) @ 0x0000000005b0323c [0x0000000005b03120+0x11c]
j  org.gradle.launcher.exec.RunAsBuildOperationBuildActionRunner.run(Lorg/gradle/internal/invocation/BuildAction;Lorg/gradle/internal/invocation/BuildController;)V+34
j  org.gradle.tooling.internal.provider.SubscribableBuildActionRunner.run(Lorg/gradle/internal/invocation/BuildAction;Lorg/gradle/internal/invocation/BuildController;)V+40
j  org.gradle.launcher.exec.InProcessBuildActionExecuter.execute(Lorg/gradle/internal/invocation/BuildAction;Lorg/gradle/initialization/BuildRequestContext;Lorg/gradle/launcher/exec/BuildActionParameters;Lorg/gradle/internal/service/ServiceRegistry;)Ljava/lang/Object;+71
j  org.gradle.launcher.exec.InProcessBuildActionExecuter.execute(Lorg/gradle/internal/invocation/BuildAction;Lorg/gradle/initialization/BuildRequestContext;Ljava/lang/Object;Lorg/gradle/internal/service/ServiceRegistry;)Ljava/lang/Object;+9
j  org.gradle.launcher.exec.BuildTreeScopeBuildActionExecuter.execute(Lorg/gradle/internal/invocation/BuildAction;Lorg/gradle/initialization/BuildRequestContext;Lorg/gradle/launcher/exec/BuildActionParameters;Lorg/gradle/internal/service/ServiceRegistry;)Ljava/lang/Object;+41
j  org.gradle.launcher.exec.BuildTreeScopeBuildActionExecuter.execute(Lorg/gradle/internal/invocation/BuildAction;Lorg/gradle/initialization/BuildRequestContext;Ljava/lang/Object;Lorg/gradle/internal/service/ServiceRegistry;)Ljava/lang/Object;+9
j  org.gradle.tooling.internal.provider.ContinuousBuildActionExecuter.execute(Lorg/gradle/internal/invocation/BuildAction;Lorg/gradle/initialization/BuildRequestContext;Lorg/gradle/launcher/exec/BuildActionParameters;Lorg/gradle/internal/service/ServiceRegistry;)Ljava/lang/Object;+28
j  org.gradle.tooling.internal.provider.ContinuousBuildActionExecuter.execute(Lorg/gradle/internal/invocation/BuildAction;Lorg/gradle/initialization/BuildRequestContext;Ljava/lang/Object;Lorg/gradle/internal/service/ServiceRegistry;)Ljava/lang/Object;+9
j  org.gradle.tooling.internal.provider.ServicesSetupBuildActionExecuter.execute(Lorg/gradle/internal/invocation/BuildAction;Lorg/gradle/initialization/BuildRequestContext;Lorg/gradle/launcher/exec/BuildActionParameters;Lorg/gradle/internal/service/ServiceRegistry;)Ljava/lang/Object;+85
j  org.gradle.tooling.internal.provider.ServicesSetupBuildActionExecuter.execute(Lorg/gradle/internal/invocation/BuildAction;Lorg/gradle/initialization/BuildRequestContext;Ljava/lang/Object;Lorg/gradle/internal/service/ServiceRegistry;)Ljava/lang/Object;+9
j  org.gradle.tooling.internal.provider.GradleThreadBuildActionExecuter.execute(Lorg/gradle/internal/invocation/BuildAction;Lorg/gradle/initialization/BuildRequestContext;Lorg/gradle/launcher/exec/BuildActionParameters;Lorg/gradle/internal/service/ServiceRegistry;)Ljava/lang/Object;+12
j  org.gradle.tooling.internal.provider.GradleThreadBuildActionExecuter.execute(Lorg/gradle/internal/invocation/BuildAction;Lorg/gradle/initialization/BuildRequestContext;Ljava/lang/Object;Lorg/gradle/internal/service/ServiceRegistry;)Ljava/lang/Object;+9
j  org.gradle.tooling.internal.provider.ParallelismConfigurationBuildActionExecuter.execute(Lorg/gradle/internal/invocation/BuildAction;Lorg/gradle/initialization/BuildRequestContext;Lorg/gradle/launcher/exec/BuildActionParameters;Lorg/gradle/internal/service/ServiceRegistry;)Ljava/lang/Object;+43
j  org.gradle.tooling.internal.provider.ParallelismConfigurationBuildActionExecuter.execute(Lorg/gradle/internal/invocation/BuildAction;Lorg/gradle/initialization/BuildRequestContext;Ljava/lang/Object;Lorg/gradle/internal/service/ServiceRegistry;)Ljava/lang/Object;+9
j  org.gradle.tooling.internal.provider.StartParamsValidatingActionExecuter.execute(Lorg/gradle/internal/invocation/BuildAction;Lorg/gradle/initialization/BuildRequestContext;Lorg/gradle/launcher/exec/BuildActionParameters;Lorg/gradle/internal/service/ServiceRegistry;)Ljava/lang/Object;+257
j  org.gradle.tooling.internal.provider.StartParamsValidatingActionExecuter.execute(Lorg/gradle/internal/invocation/BuildAction;Lorg/gradle/initialization/BuildRequestContext;Ljava/lang/Object;Lorg/gradle/internal/service/ServiceRegistry;)Ljava/lang/Object;+9
j  org.gradle.tooling.internal.provider.SessionFailureReportingActionExecuter.execute(Lorg/gradle/internal/invocation/BuildAction;Lorg/gradle/initialization/BuildRequestContext;Lorg/gradle/launcher/exec/BuildActionParameters;Lorg/gradle/internal/service/ServiceRegistry;)Ljava/lang/Object;+9
j  org.gradle.tooling.internal.provider.SessionFailureReportingActionExecuter.execute(Lorg/gradle/internal/invocation/BuildAction;Lorg/gradle/initialization/BuildRequestContext;Ljava/lang/Object;Lorg/gradle/internal/service/ServiceRegistry;)Ljava/lang/Object;+9
j  org.gradle.tooling.internal.provider.SetupLoggingActionExecuter.execute(Lorg/gradle/internal/invocation/BuildAction;Lorg/gradle/initialization/BuildRequestContext;Lorg/gradle/launcher/exec/BuildActionParameters;Lorg/gradle/internal/service/ServiceRegistry;)Ljava/lang/Object;+69
j  org.gradle.tooling.internal.provider.SetupLoggingActionExecuter.execute(Lorg/gradle/internal/invocation/BuildAction;Lorg/gradle/initialization/BuildRequestContext;Ljava/lang/Object;Lorg/gradle/internal/service/ServiceRegistry;)Ljava/lang/Object;+9
j  org.gradle.launcher.daemon.server.exec.ExecuteBuild.doBuild(Lorg/gradle/launcher/daemon/server/api/DaemonCommandExecution;Lorg/gradle/launcher/daemon/protocol/Build;)V+114
j  org.gradle.launcher.daemon.server.exec.BuildCommandOnly.execute(Lorg/gradle/launcher/daemon/server/api/DaemonCommandExecution;)V+49
J 31792 C1 org.gradle.launcher.daemon.server.api.DaemonCommandExecution.proceed()Z (35 bytes) @ 0x000000000333114c [0x0000000003330da0+0x3ac]
j  org.gradle.launcher.daemon.server.exec.WatchForDisconnection.execute(Lorg/gradle/launcher/daemon/server/api/DaemonCommandExecution;)V+19
J 31792 C1 org.gradle.launcher.daemon.server.api.DaemonCommandExecution.proceed()Z (35 bytes) @ 0x000000000333114c [0x0000000003330da0+0x3ac]
j  org.gradle.launcher.daemon.server.exec.ResetDeprecationLogger.execute(Lorg/gradle/launcher/daemon/server/api/DaemonCommandExecution;)V+4
J 31792 C1 org.gradle.launcher.daemon.server.api.DaemonCommandExecution.proceed()Z (35 bytes) @ 0x000000000333114c [0x0000000003330da0+0x3ac]
j  org.gradle.launcher.daemon.server.exec.RequestStopIfSingleUsedDaemon.execute(Lorg/gradle/launcher/daemon/server/api/DaemonCommandExecution;)V+33
J 31792 C1 org.gradle.launcher.daemon.server.api.DaemonCommandExecution.proceed()Z (35 bytes) @ 0x000000000333114c [0x0000000003330da0+0x3ac]
j  org.gradle.launcher.daemon.server.exec.ForwardClientInput$2.call()Ljava/lang/Void;+4
j  org.gradle.launcher.daemon.server.exec.ForwardClientInput$2.call()Ljava/lang/Object;+1
j  org.gradle.util.Swapper.swap(Ljava/lang/Object;Ljava/util/concurrent/Callable;)Ljava/lang/Object;+21
j  org.gradle.launcher.daemon.server.exec.ForwardClientInput.execute(Lorg/gradle/launcher/daemon/server/api/DaemonCommandExecution;)V+63
J 31792 C1 org.gradle.launcher.daemon.server.api.DaemonCommandExecution.proceed()Z (35 bytes) @ 0x000000000333114c [0x0000000003330da0+0x3ac]
j  org.gradle.launcher.daemon.server.exec.LogAndCheckHealth.execute(Lorg/gradle/launcher/daemon/server/api/DaemonCommandExecution;)V+28
J 31792 C1 org.gradle.launcher.daemon.server.api.DaemonCommandExecution.proceed()Z (35 bytes) @ 0x000000000333114c [0x0000000003330da0+0x3ac]
j  org.gradle.launcher.daemon.server.exec.LogToClient.doBuild(Lorg/gradle/launcher/daemon/server/api/DaemonCommandExecution;Lorg/gradle/launcher/daemon/protocol/Build;)V+87
j  org.gradle.launcher.daemon.server.exec.BuildCommandOnly.execute(Lorg/gradle/launcher/daemon/server/api/DaemonCommandExecution;)V+49
J 31792 C1 org.gradle.launcher.daemon.server.api.DaemonCommandExecution.proceed()Z (35 bytes) @ 0x000000000333114c [0x0000000003330da0+0x3ac]
j  org.gradle.launcher.daemon.server.exec.EstablishBuildEnvironment.doBuild(Lorg/gradle/launcher/daemon/server/api/DaemonCommandExecution;Lorg/gradle/launcher/daemon/protocol/Build;)V+365
j  org.gradle.launcher.daemon.server.exec.BuildCommandOnly.execute(Lorg/gradle/launcher/daemon/server/api/DaemonCommandExecution;)V+49
J 31792 C1 org.gradle.launcher.daemon.server.api.DaemonCommandExecution.proceed()Z (35 bytes) @ 0x000000000333114c [0x0000000003330da0+0x3ac]
j  org.gradle.launcher.daemon.server.exec.StartBuildOrRespondWithBusy$1.run()V+44
j  org.gradle.launcher.daemon.server.DaemonStateCoordinator$1.run()V+4
J 32844 C2 org.gradle.internal.concurrent.ManagedExecutorImpl$1.run()V (57 bytes) @ 0x000000000819e828 [0x000000000819e680+0x1a8]
J 16257 C1 java.util.concurrent.ThreadPoolExecutor.runWorker(Ljava/util/concurrent/ThreadPoolExecutor$Worker;)V (225 bytes) @ 0x0000000005492a6c [0x0000000005491a60+0x100c]
J 28979 C1 java.util.concurrent.ThreadPoolExecutor$Worker.run()V (9 bytes) @ 0x00000000073c9e44 [0x00000000073c9d40+0x104]
J 32455 C1 org.gradle.internal.concurrent.ThreadFactoryImpl$ManagedThreadRunnable.run()V (13 bytes) @ 0x000000000318405c [0x0000000003183b20+0x53c]
J 26983 C1 java.lang.Thread.run()V (17 bytes) @ 0x000000000297f43c [0x000000000297f300+0x13c]
v  ~StubRoutines::call_stub

---------------  P R O C E S S  ---------------

Java Threads: ( => current thread )
  0x000000005f760800 JavaThread "Cache worker for file hash cache (D:\PraraMountDevelopment\LalitDev\.gradle\4.1\fileHashes)" [_thread_blocked, id=4352, stack(0x0000000062f00000,0x0000000063000000)]
  0x000000005f75d800 JavaThread "Stdin handler" [_thread_blocked, id=2836, stack(0x000000005bb70000,0x000000005bc70000)]
  0x000000005cad1800 JavaThread "Asynchronous log dispatcher for DefaultDaemonConnection: socket connection from /127.0.0.1:49272 to /127.0.0.1:51626" [_thread_blocked, id=4232, stack(0x000000005d380000,0x000000005d480000)]
=>0x000000005cad0800 JavaThread "Daemon worker Thread 34" [_thread_in_vm, id=5720, stack(0x000000005bca0000,0x000000005bda0000)]
  0x000000005cacd000 JavaThread "Cancel handler" [_thread_blocked, id=5308, stack(0x000000005ba30000,0x000000005bb30000)]
  0x000000005cacd800 JavaThread "Handler for socket connection from /127.0.0.1:49272 to /127.0.0.1:51626" [_thread_in_native, id=5664, stack(0x000000005b500000,0x000000005b600000)]
  0x000000005cacc000 JavaThread "Daemon Thread 34" [_thread_blocked, id=2924, stack(0x000000005b8b0000,0x000000005b9b0000)]
  0x000000005cf60000 JavaThread "pool-2-thread-1" [_thread_blocked, id=4936, stack(0x0000000063740000,0x0000000063840000)]
  0x0000000057bc9000 JavaThread "Memory manager" [_thread_blocked, id=4708, stack(0x00000000602e0000,0x00000000603e0000)]
  0x0000000057bc8000 JavaThread "pool-1-thread-1" [_thread_blocked, id=4796, stack(0x0000000060e70000,0x0000000060f70000)]
  0x0000000059b34800 JavaThread "File lock request listener" [_thread_in_native, id=2380, stack(0x000000005bf30000,0x000000005c030000)]
  0x0000000059918000 JavaThread "Cache worker for file hash cache (C:\Users\Admin\.gradle\caches\4.1\fileHashes)" [_thread_blocked, id=3644, stack(0x0000000057390000,0x0000000057490000)]
  0x0000000059a74000 JavaThread "Daemon periodic checks" [_thread_blocked, id=3080, stack(0x0000000058f50000,0x0000000059050000)]
  0x0000000059af5000 JavaThread "Incoming local TCP Connector on port 49272" [_thread_in_native, id=2692, stack(0x000000005b300000,0x000000005b400000)]
  0x000000005648e800 JavaThread "Service Thread" daemon [_thread_blocked, id=4804, stack(0x0000000058350000,0x0000000058450000)]
  0x0000000057968000 JavaThread "C1 CompilerThread2" daemon [_thread_blocked, id=4792, stack(0x0000000058450000,0x0000000058550000)]
  0x0000000057966800 JavaThread "C2 CompilerThread1" daemon [_thread_blocked, id=3648, stack(0x0000000058240000,0x0000000058340000)]
  0x0000000057960800 JavaThread "C2 CompilerThread0" daemon [_thread_blocked, id=2892, stack(0x0000000058140000,0x0000000058240000)]
  0x0000000056486800 JavaThread "Attach Listener" daemon [_thread_blocked, id=2920, stack(0x0000000057f60000,0x0000000058060000)]
  0x0000000056486000 JavaThread "Signal Dispatcher" daemon [_thread_blocked, id=268, stack(0x0000000057e30000,0x0000000057f30000)]
  0x000000005646f000 JavaThread "Finalizer" daemon [_thread_blocked, id=3008, stack(0x0000000057860000,0x0000000057960000)]
  0x0000000056428000 JavaThread "Reference Handler" daemon [_thread_blocked, id=1840, stack(0x0000000057720000,0x0000000057820000)]
  0x00000000021ce000 JavaThread "main" [_thread_blocked, id=3036, stack(0x00000000024a0000,0x00000000025a0000)]

Other Threads:
  0x0000000056421000 VMThread [stack: 0x0000000057490000,0x0000000057590000] [id=2992]
  0x000000005648f000 WatcherThread [stack: 0x0000000058610000,0x0000000058710000] [id=4812]

VM state:synchronizing (normal execution)

VM Mutex/Monitor currently owned by a thread:  ([mutex/lock_event])
[0x00000000021cc780] Threads_lock - owner thread: 0x0000000056421000

Heap:
 PSYoungGen      total 468480K, used 198757K [0x00000000e0000000, 0x00000000ffa80000, 0x0000000100000000)
  eden space 418304K, 45% used [0x00000000e0000000,0x00000000ebb5c420,0x00000000f9880000)
  from space 50176K, 13% used [0x00000000f9880000,0x00000000f9f3cfe0,0x00000000fc980000)
  to   space 47616K, 0% used [0x00000000fcc00000,0x00000000fcc00000,0x00000000ffa80000)
 ParOldGen       total 222208K, used 100170K [0x00000000a0000000, 0x00000000ad900000, 0x00000000e0000000)
  object space 222208K, 45% used [0x00000000a0000000,0x00000000a61d28f0,0x00000000ad900000)
 Metaspace       used 107116K, capacity 118618K, committed 121472K, reserved 1155072K
  class space    used 13294K, capacity 15984K, committed 16256K, reserved 1048576K

Card table byte_map: [0x0000000011c30000,0x0000000011f40000] byte_map_base: 0x0000000011730000

Marking Bits: (ParMarkBitMap*) 0x0000000068793950
 Begin Bits: [0x0000000012790000, 0x0000000013f90000)
 End Bits:   [0x0000000013f90000, 0x0000000015790000)

Polling page: 0x0000000000230000

CodeCache: size=245760Kb used=97436Kb max_used=97545Kb free=148323Kb
 bounds [0x0000000002870000, 0x0000000008850000, 0x0000000011870000]
 total_blobs=25646 nmethods=24761 adapters=795
 compilation: enabled

Compilation events (10 events):
Event: 24828.992 Thread 0x0000000057968000 35459       3       org.gradle.internal.id.CompositeIdGenerator$CompositeId::toString (30 bytes)
Event: 24828.994 Thread 0x0000000057968000 nmethod 35459 0x0000000002fa0650 code [0x0000000002fa0880, 0x0000000002fa1538]
Event: 24829.034 Thread 0x0000000057968000 35461       1       org.gradle.internal.logging.DefaultLoggingConfiguration::getShowStacktrace (5 bytes)
Event: 24829.034 Thread 0x0000000057968000 nmethod 35461 0x0000000003b4d050 code [0x0000000003b4d1a0, 0x0000000003b4d2b0]
Event: 24829.036 Thread 0x0000000057968000 35460       1       org.gradle.StartParameter::getProjectDir (5 bytes)
Event: 24829.037 Thread 0x0000000057968000 nmethod 35460 0x0000000002fa0390 code [0x0000000002fa04e0, 0x0000000002fa05f0]
Event: 24829.096 Thread 0x0000000057968000 35462       1       org.gradle.StartParameter::getSettingsFile (5 bytes)
Event: 24829.097 Thread 0x0000000057968000 nmethod 35462 0x0000000002fa00d0 code [0x0000000002fa0220, 0x0000000002fa0330]
Event: 24829.168 Thread 0x0000000057968000 35464       1       java.io.ObjectStreamClass::access$000 (5 bytes)
Event: 24829.168 Thread 0x0000000057968000 nmethod 35464 0x0000000004ae7f10 code [0x0000000004ae8060, 0x0000000004ae8150]

GC Heap History (10 events):
Event: 22327.127 GC heap before
{Heap before GC invocations=107 (full 6):
 PSYoungGen      total 459776K, used 401408K [0x00000000e0000000, 0x0000000100000000, 0x0000000100000000)
  eden space 401408K, 100% used [0x00000000e0000000,0x00000000f8800000,0x00000000f8800000)
  from space 58368K, 0% used [0x00000000fbf00000,0x00000000fbf00000,0x00000000ff800000)
  to   space 56320K, 0% used [0x00000000f8800000,0x00000000f8800000,0x00000000fbf00000)
 ParOldGen       total 222208K, used 95367K [0x00000000a0000000, 0x00000000ad900000, 0x00000000e0000000)
  object space 222208K, 42% used [0x00000000a0000000,0x00000000a5d21fa8,0x00000000ad900000)
 Metaspace       used 106036K, capacity 116044K, committed 121472K, reserved 1155072K
  class space    used 13071K, capacity 15437K, committed 16256K, reserved 1048576K
Event: 22327.147 GC heap after
Heap after GC invocations=107 (full 6):
 PSYoungGen      total 457728K, used 7190K [0x00000000e0000000, 0x00000000ffb00000, 0x0000000100000000)
  eden space 401408K, 0% used [0x00000000e0000000,0x00000000e0000000,0x00000000f8800000)
  from space 56320K, 12% used [0x00000000f8800000,0x00000000f8f05a88,0x00000000fbf00000)
  to   space 54784K, 0% used [0x00000000fc580000,0x00000000fc580000,0x00000000ffb00000)
 ParOldGen       total 222208K, used 95367K [0x00000000a0000000, 0x00000000ad900000, 0x00000000e0000000)
  object space 222208K, 42% used [0x00000000a0000000,0x00000000a5d21fa8,0x00000000ad900000)
 Metaspace       used 106036K, capacity 116044K, committed 121472K, reserved 1155072K
  class space    used 13071K, capacity 15437K, committed 16256K, reserved 1048576K
}
Event: 22383.025 GC heap before
{Heap before GC invocations=108 (full 6):
 PSYoungGen      total 457728K, used 408598K [0x00000000e0000000, 0x00000000ffb00000, 0x0000000100000000)
  eden space 401408K, 100% used [0x00000000e0000000,0x00000000f8800000,0x00000000f8800000)
  from space 56320K, 12% used [0x00000000f8800000,0x00000000f8f05a88,0x00000000fbf00000)
  to   space 54784K, 0% used [0x00000000fc580000,0x00000000fc580000,0x00000000ffb00000)
 ParOldGen       total 222208K, used 95367K [0x00000000a0000000, 0x00000000ad900000, 0x00000000e0000000)
  object space 222208K, 42% used [0x00000000a0000000,0x00000000a5d21fa8,0x00000000ad900000)
 Metaspace       used 106189K, capacity 116350K, committed 121472K, reserved 1155072K
  class space    used 13099K, capacity 15508K, committed 16256K, reserved 1048576K
Event: 22383.342 GC heap after
Heap after GC invocations=108 (full 6):
 PSYoungGen      total 465920K, used 5899K [0x00000000e0000000, 0x00000000ffb80000, 0x0000000100000000)
  eden space 411136K, 0% used [0x00000000e0000000,0x00000000e0000000,0x00000000f9180000)
  from space 54784K, 10% used [0x00000000fc580000,0x00000000fcb42fe0,0x00000000ffb00000)
  to   space 53248K, 0% used [0x00000000f9180000,0x00000000f9180000,0x00000000fc580000)
 ParOldGen       total 222208K, used 98671K [0x00000000a0000000, 0x00000000ad900000, 0x00000000e0000000)
  object space 222208K, 44% used [0x00000000a0000000,0x00000000a605bf70,0x00000000ad900000)
 Metaspace       used 106189K, capacity 116350K, committed 121472K, reserved 1155072K
  class space    used 13099K, capacity 15508K, committed 16256K, reserved 1048576K
}
Event: 22716.800 GC heap before
{Heap before GC invocations=109 (full 6):
 PSYoungGen      total 465920K, used 417035K [0x00000000e0000000, 0x00000000ffb80000, 0x0000000100000000)
  eden space 411136K, 100% used [0x00000000e0000000,0x00000000f9180000,0x00000000f9180000)
  from space 54784K, 10% used [0x00000000fc580000,0x00000000fcb42fe0,0x00000000ffb00000)
  to   space 53248K, 0% used [0x00000000f9180000,0x00000000f9180000,0x00000000fc580000)
 ParOldGen       total 222208K, used 98671K [0x00000000a0000000, 0x00000000ad900000, 0x00000000e0000000)
  object space 222208K, 44% used [0x00000000a0000000,0x00000000a605bf70,0x00000000ad900000)
 Metaspace       used 106379K, capacity 116834K, committed 121472K, reserved 1155072K
  class space    used 13137K, capacity 15598K, committed 16256K, reserved 1048576K
Event: 22716.981 GC heap after
Heap after GC invocations=109 (full 6):
 PSYoungGen      total 464384K, used 2103K [0x00000000e0000000, 0x00000000ffc80000, 0x0000000100000000)
  eden space 411136K, 0% used [0x00000000e0000000,0x00000000e0000000,0x00000000f9180000)
  from space 53248K, 3% used [0x00000000f9180000,0x00000000f938df40,0x00000000fc580000)
  to   space 52224K, 0% used [0x00000000fc980000,0x00000000fc980000,0x00000000ffc80000)
 ParOldGen       total 222208K, used 99008K [0x00000000a0000000, 0x00000000ad900000, 0x00000000e0000000)
  object space 222208K, 44% used [0x00000000a0000000,0x00000000a60b01b8,0x00000000ad900000)
 Metaspace       used 106379K, capacity 116834K, committed 121472K, reserved 1155072K
  class space    used 13137K, capacity 15598K, committed 16256K, reserved 1048576K
}
Event: 22772.075 GC heap before
{Heap before GC invocations=110 (full 6):
 PSYoungGen      total 464384K, used 413239K [0x00000000e0000000, 0x00000000ffc80000, 0x0000000100000000)
  eden space 411136K, 100% used [0x00000000e0000000,0x00000000f9180000,0x00000000f9180000)
  from space 53248K, 3% used [0x00000000f9180000,0x00000000f938df40,0x00000000fc580000)
  to   space 52224K, 0% used [0x00000000fc980000,0x00000000fc980000,0x00000000ffc80000)
 ParOldGen       total 222208K, used 99008K [0x00000000a0000000, 0x00000000ad900000, 0x00000000e0000000)
  object space 222208K, 44% used [0x00000000a0000000,0x00000000a60b01b8,0x00000000ad900000)
 Metaspace       used 106609K, capacity 117450K, committed 121472K, reserved 1155072K
  class space    used 13188K, capacity 15730K, committed 16256K, reserved 1048576K
Event: 22772.462 GC heap after
Heap after GC invocations=110 (full 6):
 PSYoungGen      total 468992K, used 6220K [0x00000000e0000000, 0x00000000ffb00000, 0x0000000100000000)
  eden space 418304K, 0% used [0x00000000e0000000,0x00000000e0000000,0x00000000f9880000)
  from space 50688K, 12% used [0x00000000fc980000,0x00000000fcf93010,0x00000000ffb00000)
  to   space 50176K, 0% used [0x00000000f9880000,0x00000000f9880000,0x00000000fc980000)
 ParOldGen       total 222208K, used 99533K [0x00000000a0000000, 0x00000000ad900000, 0x00000000e0000000)
  object space 222208K, 44% used [0x00000000a0000000,0x00000000a6133620,0x00000000ad900000)
 Metaspace       used 106609K, capacity 117450K, committed 121472K, reserved 1155072K
  class space    used 13188K, capacity 15730K, committed 16256K, reserved 1048576K
}
Event: 23456.809 GC heap before
{Heap before GC invocations=111 (full 6):
 PSYoungGen      total 468992K, used 424524K [0x00000000e0000000, 0x00000000ffb00000, 0x0000000100000000)
  eden space 418304K, 100% used [0x00000000e0000000,0x00000000f9880000,0x00000000f9880000)
  from space 50688K, 12% used [0x00000000fc980000,0x00000000fcf93010,0x00000000ffb00000)
  to   space 50176K, 0% used [0x00000000f9880000,0x00000000f9880000,0x00000000fc980000)
 ParOldGen       total 222208K, used 99533K [0x00000000a0000000, 0x00000000ad900000, 0x00000000e0000000)
  object space 222208K, 44% used [0x00000000a0000000,0x00000000a6133620,0x00000000ad900000)
 Metaspace       used 106676K, capacity 117574K, committed 121472K, reserved 1155072K
  class space    used 13199K, capacity 15770K, committed 16256K, reserved 1048576K
Event: 23456.864 GC heap after
Heap after GC invocations=111 (full 6):
 PSYoungGen      total 468480K, used 6899K [0x00000000e0000000, 0x00000000ffa80000, 0x0000000100000000)
  eden space 418304K, 0% used [0x00000000e0000000,0x00000000e0000000,0x00000000f9880000)
  from space 50176K, 13% used [0x00000000f9880000,0x00000000f9f3cfe0,0x00000000fc980000)
  to   space 47616K, 0% used [0x00000000fcc00000,0x00000000fcc00000,0x00000000ffa80000)
 ParOldGen       total 222208K, used 100170K [0x00000000a0000000, 0x00000000ad900000, 0x00000000e0000000)
  object space 222208K, 45% used [0x00000000a0000000,0x00000000a61d28f0,0x00000000ad900000)
 Metaspace       used 106676K, capacity 117574K, committed 121472K, reserved 1155072K
  class space    used 13199K, capacity 15770K, committed 16256K, reserved 1048576K
}

Deoptimization events (10 events):
Event: 21193.097 Thread 0x000000005cad0800 Uncommon trap: reason=unstable_if action=reinterpret pc=0x000000000440a468 method=java.lang.Class.privateGetPublicMethods()[Ljava/lang/reflect/Method; @ 112
Event: 21193.113 Thread 0x000000005cad0800 Uncommon trap: reason=unstable_if action=reinterpret pc=0x00000000031baa14 method=java.lang.ref.SoftReference.get()Ljava/lang/Object; @ 6
Event: 21193.114 Thread 0x000000005cad0800 Uncommon trap: reason=unstable_if action=reinterpret pc=0x0000000003cc05b0 method=java.lang.ref.SoftReference.get()Ljava/lang/Object; @ 6
Event: 21193.200 Thread 0x000000005cad0800 Uncommon trap: reason=unstable_if action=reinterpret pc=0x0000000003d47eb4 method=java.lang.ref.SoftReference.get()Ljava/lang/Object; @ 6
Event: 21193.331 Thread 0x000000005cad0800 Uncommon trap: reason=unstable_if action=reinterpret pc=0x00000000036bd574 method=java.lang.ref.SoftReference.get()Ljava/lang/Object; @ 6
Event: 22327.050 Thread 0x000000005cacd000 Uncommon trap: reason=bimorphic action=maybe_recompile pc=0x0000000003f51424 method=org.codehaus.groovy.runtime.callsite.AbstractCallSite.<init>(Lorg/codehaus/groovy/runtime/callsite/CallSite;)V @ 6
Event: 22528.424 Thread 0x000000006aa2e800 Uncommon trap: reason=class_check action=maybe_recompile pc=0x0000000008798f04 method=sun.reflect.DelegatingConstructorAccessorImpl.newInstance([Ljava/lang/Object;)Ljava/lang/Object; @ 5
Event: 22528.454 Thread 0x000000006aa2d000 Uncommon trap: reason=class_check action=maybe_recompile pc=0x0000000008798f04 method=sun.reflect.DelegatingConstructorAccessorImpl.newInstance([Ljava/lang/Object;)Ljava/lang/Object; @ 5
Event: 22529.625 Thread 0x000000006aa2b800 Uncommon trap: reason=class_check action=maybe_recompile pc=0x0000000008798f04 method=sun.reflect.DelegatingConstructorAccessorImpl.newInstance([Ljava/lang/Object;)Ljava/lang/Object; @ 5
Event: 22717.059 Thread 0x000000005cad0800 Uncommon trap: reason=class_check action=maybe_recompile pc=0x0000000008798f04 method=sun.reflect.DelegatingConstructorAccessorImpl.newInstance([Ljava/lang/Object;)Ljava/lang/Object; @ 5

Classes redefined (0 events):
No events

Internal exceptions (10 events):
Event: 23538.079 Thread 0x000000005cacd800 Exception <a 'sun/nio/fs/WindowsException'> (0x00000000e6133818) thrown at [D:\src\AOSP-openjdk-cygwin\jdk8u\hotspot\src\share\vm\prims\jni.cpp, line 709]
Event: 23538.080 Thread 0x000000005cacd800 Exception <a 'sun/nio/fs/WindowsException'> (0x00000000e6134948) thrown at [D:\src\AOSP-openjdk-cygwin\jdk8u\hotspot\src\share\vm\prims\jni.cpp, line 709]
Event: 23538.080 Thread 0x000000005cacd800 Exception <a 'sun/nio/fs/WindowsException'> (0x00000000e6135be8) thrown at [D:\src\AOSP-openjdk-cygwin\jdk8u\hotspot\src\share\vm\prims\jni.cpp, line 709]
Event: 23538.080 Thread 0x000000005cacd800 Exception <a 'sun/nio/fs/WindowsException'> (0x00000000e6136d10) thrown at [D:\src\AOSP-openjdk-cygwin\jdk8u\hotspot\src\share\vm\prims\jni.cpp, line 709]
Event: 23539.294 Thread 0x000000005cacd800 Exception <a 'sun/nio/fs/WindowsException'> (0x00000000eaa64028) thrown at [D:\src\AOSP-openjdk-cygwin\jdk8u\hotspot\src\share\vm\prims\jni.cpp, line 709]
Event: 24054.583 Thread 0x000000005cf60000 Exception <a 'sun/nio/fs/WindowsException'> (0x00000000eb0b74e0) thrown at [D:\src\AOSP-openjdk-cygwin\jdk8u\hotspot\src\share\vm\prims\jni.cpp, line 709]
Event: 24138.040 Thread 0x000000005cf60000 Exception <a 'sun/nio/fs/WindowsException'> (0x00000000eb17d498) thrown at [D:\src\AOSP-openjdk-cygwin\jdk8u\hotspot\src\share\vm\prims\jni.cpp, line 709]
Event: 24829.168 Thread 0x000000005cad0800 Exception <a 'java/lang/NoSuchMethodError': <clinit>> (0x00000000eba52a98) thrown at [D:\src\AOSP-openjdk-cygwin\jdk8u\hotspot\src\share\vm\prims\jni.cpp, line 1613]
Event: 24829.595 Thread 0x000000005cad0800 Exception <a 'java/lang/NoSuchMethodError': <clinit>> (0x00000000ebafe4a0) thrown at [D:\src\AOSP-openjdk-cygwin\jdk8u\hotspot\src\share\vm\prims\jni.cpp, line 1613]
Event: 24829.739 Thread 0x000000005cad0800 Exception <a 'java/lang/NoSuchMethodError': <clinit>> (0x00000000ebb0ed98) thrown at [D:\src\AOSP-openjdk-cygwin\jdk8u\hotspot\src\share\vm\prims\jni.cpp, line 1613]

Events (10 events):
Event: 24829.593 loading class org/gradle/tooling/model/Element
Event: 24829.594 loading class org/gradle/tooling/model/Element done
Event: 24829.594 loading class org/gradle/tooling/model/HasGradleProject
Event: 24829.594 loading class org/gradle/tooling/model/HasGradleProject done
Event: 24829.594 loading class org/gradle/tooling/model/ProjectModel
Event: 24829.594 loading class org/gradle/tooling/model/ProjectModel done
Event: 24829.596 loading class org/jetbrains/kotlin/gradle/KotlinGradleModel
Event: 24829.596 loading class org/jetbrains/kotlin/gradle/KotlinGradleModel done
Event: 24829.739 loading class com/android/builder/model/AndroidProject
Event: 24829.739 loading class com/android/builder/model/AndroidProject done


Dynamic libraries:
0x000000013f8f0000 - 0x000000013f921000 	C:\Program Files\Android\Android Studio\jre\bin\java.exe
0x00000000778d0000 - 0x0000000077a79000 	C:\Windows\SYSTEM32\ntdll.dll
0x00000000777b0000 - 0x00000000778cf000 	C:\Windows\system32\kernel32.dll
0x000007fefd8d0000 - 0x000007fefd93b000 	C:\Windows\system32\KERNELBASE.dll
0x000007fefdbf0000 - 0x000007fefdccb000 	C:\Windows\system32\ADVAPI32.dll
0x000007fefe8e0000 - 0x000007fefe97f000 	C:\Windows\system32\msvcrt.dll
0x000007fefdcf0000 - 0x000007fefdd0f000 	C:\Windows\SYSTEM32\sechost.dll
0x000007fefe040000 - 0x000007fefe16d000 	C:\Windows\system32\RPCRT4.dll
0x00000000776b0000 - 0x00000000777aa000 	C:\Windows\system32\USER32.dll
0x000007feffb20000 - 0x000007feffb87000 	C:\Windows\system32\GDI32.dll
0x000007feffb10000 - 0x000007feffb1e000 	C:\Windows\system32\LPK.dll
0x000007feff8f0000 - 0x000007feff9b9000 	C:\Windows\system32\USP10.dll
0x000007fefbb50000 - 0x000007fefbd44000 	C:\Windows\WinSxS\amd64_microsoft.windows.common-controls_6595b64144ccf1df_6.0.7601.17514_none_fa396087175ac9ac\COMCTL32.dll
0x000007fefdf20000 - 0x000007fefdf91000 	C:\Windows\system32\SHLWAPI.dll
0x000007feffad0000 - 0x000007feffafe000 	C:\Windows\system32\IMM32.DLL
0x000007feff9c0000 - 0x000007feffac9000 	C:\Windows\system32\MSCTF.dll
0x0000000068f70000 - 0x0000000069042000 	C:\Program Files\Android\Android Studio\jre\jre\bin\msvcr100.dll
0x0000000067fd0000 - 0x000000006880e000 	C:\Program Files\Android\Android Studio\jre\jre\bin\server\jvm.dll
0x000007fefa9c0000 - 0x000007fefa9c9000 	C:\Windows\system32\WSOCK32.dll
0x000007feffb90000 - 0x000007feffbdd000 	C:\Windows\system32\WS2_32.dll
0x000007feffb00000 - 0x000007feffb08000 	C:\Windows\system32\NSI.dll
0x000007fefa880000 - 0x000007fefa8bb000 	C:\Windows\system32\WINMM.dll
0x000007fefc900000 - 0x000007fefc90c000 	C:\Windows\system32\VERSION.dll
0x0000000077aa0000 - 0x0000000077aa7000 	C:\Windows\system32\PSAPI.DLL
0x000007fefa9d0000 - 0x000007fefa9df000 	C:\Program Files\Android\Android Studio\jre\jre\bin\verify.dll
0x000007fef0db0000 - 0x000007fef0dd9000 	C:\Program Files\Android\Android Studio\jre\jre\bin\java.dll
0x000007fef0df0000 - 0x000007fef0e06000 	C:\Program Files\Android\Android Studio\jre\jre\bin\zip.dll
0x000007fefeb60000 - 0x000007feff8e8000 	C:\Windows\system32\SHELL32.dll
0x000007fefdd10000 - 0x000007fefdf13000 	C:\Windows\system32\ole32.dll
0x000007fefd820000 - 0x000007fefd82f000 	C:\Windows\system32\profapi.dll
0x000007fef0d90000 - 0x000007fef0daa000 	C:\Program Files\Android\Android Studio\jre\jre\bin\net.dll
0x000007fefd050000 - 0x000007fefd0a5000 	C:\Windows\system32\mswsock.dll
0x000007fefd040000 - 0x000007fefd047000 	C:\Windows\System32\wship6.dll
0x000007fef0d70000 - 0x000007fef0d81000 	C:\Program Files\Android\Android Studio\jre\jre\bin\nio.dll
0x000007fef5be0000 - 0x000007fef5bfe000 	C:\Users\Admin\.gradle\native\25\windows-amd64\native-platform.dll
0x000007fefad10000 - 0x000007fefad1d000 	C:\Program Files\Android\Android Studio\jre\jre\bin\management.dll
0x000007fefd0b0000 - 0x000007fefd0c7000 	C:\Windows\system32\CRYPTSP.dll
0x000007fefcdb0000 - 0x000007fefcdf7000 	C:\Windows\system32\rsaenh.dll
0x000007fefcaf0000 - 0x000007fefcb0e000 	C:\Windows\system32\USERENV.dll
0x000007fefd750000 - 0x000007fefd75f000 	C:\Windows\system32\CRYPTBASE.dll
0x000007fefcc10000 - 0x000007fefcc37000 	C:\Windows\system32\IPHLPAPI.DLL
0x000007fefcc00000 - 0x000007fefcc0b000 	C:\Windows\system32\WINNSI.DLL
0x000007fefafb0000 - 0x000007fefafc8000 	C:\Windows\system32\dhcpcsvc.DLL
0x000007fefaf90000 - 0x000007fefafa1000 	C:\Windows\system32\dhcpcsvc6.DLL
0x000007fee5b20000 - 0x000007fee5b44000 	C:\Program Files\Android\Android Studio\jre\jre\bin\sunec.dll
0x000007fefc9d0000 - 0x000007fefc9d7000 	C:\Windows\System32\wshtcpip.dll
0x000007fefced0000 - 0x000007fefcf2b000 	C:\Windows\system32\DNSAPI.dll
0x000007fef9360000 - 0x000007fef9368000 	C:\Windows\system32\rasadhlp.dll
0x000007fefafe0000 - 0x000007fefb033000 	C:\Windows\System32\fwpuclnt.dll
0x000007fee5b10000 - 0x000007fee5b1b000 	C:\Program Files\Android\Android Studio\jre\jre\bin\sunmscapi.dll
0x000007fefda60000 - 0x000007fefdbc7000 	C:\Windows\system32\CRYPT32.dll
0x000007fefd8c0000 - 0x000007fefd8cf000 	C:\Windows\system32\MSASN1.dll
0x000007fefd6f0000 - 0x000007fefd747000 	C:\Windows\system32\apphelp.dll
0x000007fef86b0000 - 0x000007fef87d5000 	C:\Windows\system32\dbghelp.dll

VM Arguments:
jvm_args: -Xmx1536m -Dfile.encoding=windows-1252 -Duser.country=US -Duser.language=en -Duser.variant 
java_command: org.gradle.launcher.daemon.bootstrap.GradleDaemon 4.1
java_class_path (initial): C:\Users\Admin\.gradle\wrapper\dists\gradle-4.1-all\bzyivzo6n839fup2jbap0tjew\gradle-4.1\lib\gradle-launcher-4.1.jar
Launcher Type: SUN_STANDARD

Environment Variables:
PATH=C:\Windows\system32;C:\Windows;C:\Windows\System32\Wbem;C:\Windows\System32\WindowsPowerShell\v1.0\
USERNAME=Admin
OS=Windows_NT
PROCESSOR_IDENTIFIER=Intel64 Family 6 Model 58 Stepping 9, GenuineIntel



---------------  S Y S T E M  ---------------

OS: Windows 7 , 64 bit Build 7601 (6.1.7601.17514)

CPU:total 4 (initial active 4) (2 cores per cpu, 2 threads per core) family 6 model 58 stepping 9, cmov, cx8, fxsr, mmx, sse, sse2, sse3, ssse3, sse4.1, sse4.2, popcnt, avx, aes, clmul, erms, ht, tsc, tscinvbit, tscinv

Memory: 4k page, physical 6151732k(2518120k free), swap 12301620k(7477720k free)

vm_info: OpenJDK 64-Bit Server VM (25.152-b01) for windows-amd64 JRE (1.8.0_152-release-915-b01), built by "builder" with MS VC++ 10.0 (VS2010)

time: Thu Dec 21 16:37:20 2017
elapsed time: 24830 seconds (0d 6h 53m 50s)

